<?xml version="1.0" encoding="UTF-8"?>
<coverage generated="1683213361274" clover="3.2.0">
  <project timestamp="1683213361274" name="All files">
    <metrics statements="16" coveredstatements="10" conditionals="0" coveredconditionals="0" methods="3" coveredmethods="1" elements="19" coveredelements="11" complexity="0" loc="16" ncloc="16" packages="1" files="1" classes="1"/>
    <file name="server.ts" path="C:\src\typescript_practice\js-api\source\server.ts">
      <metrics statements="16" coveredstatements="10" conditionals="0" coveredconditionals="0" methods="3" coveredmethods="1"/>
      <line num="1" count="1" type="stmt"/>
      <line num="2" count="1" type="stmt"/>
      <line num="3" count="1" type="stmt"/>
      <line num="4" count="1" type="stmt"/>
      <line num="7" count="1" type="stmt"/>
      <line num="8" count="0" type="stmt"/>
      <line num="9" count="0" type="stmt"/>
      <line num="10" count="0" type="stmt"/>
      <line num="11" count="0" type="stmt"/>
      <line num="12" count="0" type="stmt"/>
      <line num="15" count="1" type="stmt"/>
      <line num="16" count="1" type="stmt"/>
      <line num="17" count="1" type="stmt"/>
      <line num="18" count="1" type="stmt"/>
      <line num="19" count="1" type="stmt"/>
      <line num="20" count="0" type="stmt"/>
    </file>
  </project>
</coverage>
