{"C:\\src\\typescript_practice\\js-api\\source\\server.ts": {"path":"C:\\src\\typescript_practice\\js-api\\source\\server.ts","statementMap":{"0":{"start":{"line":1,"column":0},"end":{"line":1,"column":24}},"1":{"start":{"line":2,"column":0},"end":{"line":2,"column":43}},"2":{"start":{"line":3,"column":0},"end":{"line":3,"column":28}},"3":{"start":{"line":4,"column":15},"end":{"line":4,"column":41}},"4":{"start":{"line":8,"column":16},"end":{"line":8,"column":25}},"5":{"start":{"line":9,"column":4},"end":{"line":9,"column":null}},"6":{"start":{"line":10,"column":4},"end":{"line":10,"column":null}},"7":{"start":{"line":11,"column":4},"end":{"line":11,"column":null}},"8":{"start":{"line":12,"column":4},"end":{"line":12,"column":null}},"9":{"start":{"line":7,"column":0},"end":{"line":7,"column":16}},"10":{"start":{"line":16,"column":14},"end":{"line":16,"column":29}},"11":{"start":{"line":17,"column":19},"end":{"line":17,"column":41}},"12":{"start":{"line":18,"column":17},"end":{"line":18,"column":21}},"13":{"start":{"line":19,"column":4},"end":{"line":21,"column":null}},"14":{"start":{"line":20,"column":8},"end":{"line":20,"column":null}},"15":{"start":{"line":15,"column":0},"end":{"line":15,"column":16}}},"fnMap":{"0":{"name":"setup","decl":{"start":{"line":7,"column":16},"end":{"line":7,"column":21}},"loc":{"start":{"line":7,"column":21},"end":{"line":13,"column":1}}},"1":{"name":"start","decl":{"start":{"line":15,"column":16},"end":{"line":15,"column":21}},"loc":{"start":{"line":15,"column":21},"end":{"line":22,"column":1}}},"2":{"name":"(anonymous_3)","decl":{"start":{"line":19,"column":24},"end":{"line":19,"column":27}},"loc":{"start":{"line":19,"column":29},"end":{"line":21,"column":5}}}},"branchMap":{},"s":{"0":1,"1":1,"2":1,"3":1,"4":0,"5":0,"6":0,"7":0,"8":0,"9":1,"10":1,"11":1,"12":1,"13":1,"14":0,"15":1},"f":{"0":0,"1":1,"2":0},"b":{}}
}
