{"C:\\src\\typescript_practice\\js-api\\source\\product.ts": {"path":"C:\\src\\typescript_practice\\js-api\\source\\product.ts","statementMap":{"0":{"start":{"line":9,"column":8},"end":{"line":9,"column":21}},"1":{"start":{"line":10,"column":8},"end":{"line":10,"column":25}},"2":{"start":{"line":11,"column":8},"end":{"line":11,"column":33}},"3":{"start":{"line":3,"column":11},"end":{"line":3,"column":32}},"4":{"start":{"line":1,"column":21},"end":{"line":1,"column":null}}},"fnMap":{"0":{"name":"(anonymous_0)","decl":{"start":{"line":8,"column":4},"end":{"line":8,"column":16}},"loc":{"start":{"line":8,"column":58},"end":{"line":12,"column":5}}}},"branchMap":{},"s":{"0":0,"1":0,"2":0,"3":1,"4":1},"f":{"0":0},"b":{}}
,"C:\\src\\typescript_practice\\js-api\\source\\server.ts": {"path":"C:\\src\\typescript_practice\\js-api\\source\\server.ts","statementMap":{"0":{"start":{"line":1,"column":0},"end":{"line":1,"column":24}},"1":{"start":{"line":2,"column":0},"end":{"line":2,"column":43}},"2":{"start":{"line":3,"column":0},"end":{"line":3,"column":28}},"3":{"start":{"line":4,"column":15},"end":{"line":4,"column":41}},"4":{"start":{"line":8,"column":16},"end":{"line":8,"column":25}},"5":{"start":{"line":9,"column":4},"end":{"line":9,"column":null}},"6":{"start":{"line":10,"column":4},"end":{"line":10,"column":null}},"7":{"start":{"line":11,"column":4},"end":{"line":11,"column":null}},"8":{"start":{"line":12,"column":4},"end":{"line":12,"column":null}},"9":{"start":{"line":7,"column":0},"end":{"line":7,"column":16}},"10":{"start":{"line":16,"column":14},"end":{"line":16,"column":21}},"11":{"start":{"line":17,"column":19},"end":{"line":17,"column":41}},"12":{"start":{"line":18,"column":17},"end":{"line":18,"column":21}},"13":{"start":{"line":19,"column":4},"end":{"line":21,"column":null}},"14":{"start":{"line":20,"column":8},"end":{"line":20,"column":null}},"15":{"start":{"line":15,"column":0},"end":{"line":15,"column":16}}},"fnMap":{"0":{"name":"setup","decl":{"start":{"line":7,"column":16},"end":{"line":7,"column":21}},"loc":{"start":{"line":7,"column":21},"end":{"line":13,"column":1}}},"1":{"name":"start","decl":{"start":{"line":15,"column":16},"end":{"line":15,"column":21}},"loc":{"start":{"line":15,"column":21},"end":{"line":22,"column":1}}},"2":{"name":"(anonymous_3)","decl":{"start":{"line":19,"column":24},"end":{"line":19,"column":27}},"loc":{"start":{"line":19,"column":29},"end":{"line":21,"column":5}}}},"branchMap":{},"s":{"0":1,"1":1,"2":1,"3":1,"4":1,"5":1,"6":1,"7":1,"8":1,"9":1,"10":1,"11":1,"12":1,"13":1,"14":0,"15":1},"f":{"0":1,"1":1,"2":0},"b":{}}
,"C:\\src\\typescript_practice\\js-api\\source\\controllers\\posts.ts": {"path":"C:\\src\\typescript_practice\\js-api\\source\\controllers\\posts.ts","statementMap":{"0":{"start":{"line":2,"column":16},"end":{"line":2,"column":40}},"1":{"start":{"line":9,"column":25},"end":{"line":32,"column":1}},"2":{"start":{"line":10,"column":15},"end":{"line":10,"column":36}},"3":{"start":{"line":11,"column":4},"end":{"line":11,"column":null}},"4":{"start":{"line":12,"column":4},"end":{"line":16,"column":null}},"5":{"start":{"line":13,"column":8},"end":{"line":15,"column":null}},"6":{"start":{"line":18,"column":4},"end":{"line":18,"column":null}},"7":{"start":{"line":19,"column":19},"end":{"line":19,"column":43}},"8":{"start":{"line":20,"column":4},"end":{"line":31,"column":null}},"9":{"start":{"line":21,"column":8},"end":{"line":25,"column":null}},"10":{"start":{"line":27,"column":8},"end":{"line":30,"column":null}},"11":{"start":{"line":35,"column":22},"end":{"line":70,"column":1}},"12":{"start":{"line":36,"column":4},"end":{"line":36,"column":null}},"13":{"start":{"line":39,"column":17},"end":{"line":39,"column":25}},"14":{"start":{"line":40,"column":15},"end":{"line":40,"column":22}},"15":{"start":{"line":41,"column":17},"end":{"line":41,"column":26}},"16":{"start":{"line":42,"column":21},"end":{"line":42,"column":34}},"17":{"start":{"line":45,"column":4},"end":{"line":49,"column":null}},"18":{"start":{"line":46,"column":8},"end":{"line":48,"column":null}},"19":{"start":{"line":52,"column":4},"end":{"line":54,"column":null}},"20":{"start":{"line":53,"column":8},"end":{"line":53,"column":null}},"21":{"start":{"line":57,"column":4},"end":{"line":69,"column":null}},"22":{"start":{"line":58,"column":24},"end":{"line":58,"column":55}},"23":{"start":{"line":59,"column":8},"end":{"line":59,"column":null}},"24":{"start":{"line":60,"column":8},"end":{"line":60,"column":77}},"25":{"start":{"line":61,"column":8},"end":{"line":63,"column":null}},"26":{"start":{"line":65,"column":8},"end":{"line":65,"column":null}},"27":{"start":{"line":66,"column":8},"end":{"line":68,"column":null}},"28":{"start":{"line":72,"column":22},"end":{"line":93,"column":1}},"29":{"start":{"line":73,"column":4},"end":{"line":73,"column":null}},"30":{"start":{"line":74,"column":17},"end":{"line":74,"column":25}},"31":{"start":{"line":75,"column":15},"end":{"line":75,"column":22}},"32":{"start":{"line":76,"column":23},"end":{"line":76,"column":47}},"33":{"start":{"line":77,"column":4},"end":{"line":90,"column":null}},"34":{"start":{"line":78,"column":8},"end":{"line":81,"column":null}},"35":{"start":{"line":79,"column":12},"end":{"line":79,"column":null}},"36":{"start":{"line":80,"column":12},"end":{"line":80,"column":null}},"37":{"start":{"line":82,"column":8},"end":{"line":84,"column":null}},"38":{"start":{"line":86,"column":8},"end":{"line":89,"column":null}},"39":{"start":{"line":95,"column":0},"end":{"line":95,"column":null}}},"fnMap":{"0":{"name":"(anonymous_0)","decl":{"start":{"line":9,"column":25},"end":{"line":9,"column":30}},"loc":{"start":{"line":9,"column":63},"end":{"line":32,"column":1}}},"1":{"name":"(anonymous_1)","decl":{"start":{"line":35,"column":22},"end":{"line":35,"column":27}},"loc":{"start":{"line":35,"column":60},"end":{"line":70,"column":1}}},"2":{"name":"(anonymous_2)","decl":{"start":{"line":72,"column":22},"end":{"line":72,"column":27}},"loc":{"start":{"line":72,"column":60},"end":{"line":93,"column":1}}}},"branchMap":{"0":{"loc":{"start":{"line":12,"column":4},"end":{"line":16,"column":null}},"type":"if","locations":[{"start":{"line":12,"column":4},"end":{"line":16,"column":null}}]},"1":{"loc":{"start":{"line":45,"column":4},"end":{"line":49,"column":null}},"type":"if","locations":[{"start":{"line":45,"column":4},"end":{"line":49,"column":null}}]},"2":{"loc":{"start":{"line":52,"column":4},"end":{"line":54,"column":null}},"type":"if","locations":[{"start":{"line":52,"column":4},"end":{"line":54,"column":null}}]},"3":{"loc":{"start":{"line":52,"column":8},"end":{"line":52,"column":26}},"type":"binary-expr","locations":[{"start":{"line":52,"column":8},"end":{"line":52,"column":13}},{"start":{"line":52,"column":17},"end":{"line":52,"column":26}}]},"4":{"loc":{"start":{"line":78,"column":8},"end":{"line":81,"column":null}},"type":"if","locations":[{"start":{"line":78,"column":8},"end":{"line":81,"column":null}}]}},"s":{"0":1,"1":1,"2":0,"3":0,"4":0,"5":0,"6":0,"7":0,"8":0,"9":0,"10":0,"11":1,"12":0,"13":0,"14":0,"15":0,"16":0,"17":0,"18":0,"19":0,"20":0,"21":0,"22":0,"23":0,"24":0,"25":0,"26":0,"27":0,"28":1,"29":0,"30":0,"31":0,"32":0,"33":0,"34":0,"35":0,"36":0,"37":0,"38":0,"39":1},"f":{"0":0,"1":0,"2":0},"b":{"0":[0],"1":[0],"2":[0],"3":[0,0],"4":[0]}}
,"C:\\src\\typescript_practice\\js-api\\source\\router\\routes.ts": {"path":"C:\\src\\typescript_practice\\js-api\\source\\router\\routes.ts","statementMap":{"0":{"start":{"line":1,"column":0},"end":{"line":1,"column":30}},"1":{"start":{"line":2,"column":19},"end":{"line":2,"column":53}},"2":{"start":{"line":3,"column":15},"end":{"line":3,"column":31}},"3":{"start":{"line":5,"column":0},"end":{"line":5,"column":71}},"4":{"start":{"line":5,"column":42},"end":{"line":5,"column":69}},"5":{"start":{"line":6,"column":0},"end":{"line":6,"column":68}},"6":{"start":{"line":6,"column":39},"end":{"line":6,"column":66}},"7":{"start":{"line":7,"column":0},"end":{"line":7,"column":63}},"8":{"start":{"line":7,"column":37},"end":{"line":7,"column":61}},"9":{"start":{"line":8,"column":0},"end":{"line":8,"column":63}},"10":{"start":{"line":8,"column":37},"end":{"line":8,"column":61}},"11":{"start":{"line":10,"column":0},"end":{"line":10,"column":26}}},"fnMap":{"0":{"name":"(anonymous_1)","decl":{"start":{"line":5,"column":36},"end":{"line":5,"column":39}},"loc":{"start":{"line":5,"column":42},"end":{"line":5,"column":69}}},"1":{"name":"(anonymous_2)","decl":{"start":{"line":6,"column":33},"end":{"line":6,"column":36}},"loc":{"start":{"line":6,"column":39},"end":{"line":6,"column":66}}},"2":{"name":"(anonymous_3)","decl":{"start":{"line":7,"column":31},"end":{"line":7,"column":34}},"loc":{"start":{"line":7,"column":37},"end":{"line":7,"column":61}}},"3":{"name":"(anonymous_4)","decl":{"start":{"line":8,"column":31},"end":{"line":8,"column":34}},"loc":{"start":{"line":8,"column":37},"end":{"line":8,"column":61}}}},"branchMap":{},"s":{"0":1,"1":1,"2":1,"3":1,"4":0,"5":1,"6":0,"7":1,"8":0,"9":1,"10":0,"11":1},"f":{"0":0,"1":0,"2":0,"3":0},"b":{}}
}
